<?xml version="1.0" encoding="UTF-8"?>
<testng-results ignored="0" total="2" passed="2" failed="0" skipped="0">
  <reporter-output>
  </reporter-output>
  <suite started-at="2024-05-31T12:40:11 IST" name="Suite" finished-at="2024-05-31T12:45:02 IST" duration-ms="291412">
    <groups>
    </groups>
    <test started-at="2024-05-31T12:40:11 IST" name="ChromeTest" finished-at="2024-05-31T12:43:00 IST" duration-ms="169264">
      <class name="demoqa1.Driver">
        <test-method signature="RunAllTestCases(java.lang.String,java.lang.String)[pri:0, instance:demoqa1.Driver@2667f029]" started-at="2024-05-31T12:40:11 IST" name="RunAllTestCases" finished-at="2024-05-31T12:43:00 IST" duration-ms="169197" status="PASS">
          <params>
            <param index="0">
              <value>
                <![CDATA[Windows]]>
              </value>
            </param>
            <param index="1">
              <value>
                <![CDATA[chrome]]>
              </value>
            </param>
          </params>
          <reporter-output>
          </reporter-output>
        </test-method> <!-- RunAllTestCases -->
      </class> <!-- demoqa1.Driver -->
    </test> <!-- ChromeTest -->
    <test started-at="2024-05-31T12:43:00 IST" name="EdgeTest" finished-at="2024-05-31T12:45:02 IST" duration-ms="122079">
      <class name="demoqa1.Driver">
        <test-method signature="RunAllTestCases(java.lang.String,java.lang.String)[pri:0, instance:demoqa1.Driver@402bba4f]" started-at="2024-05-31T12:43:00 IST" name="RunAllTestCases" finished-at="2024-05-31T12:45:02 IST" duration-ms="122075" status="PASS">
          <params>
            <param index="0">
              <value>
                <![CDATA[Windows]]>
              </value>
            </param>
            <param index="1">
              <value>
                <![CDATA[edge]]>
              </value>
            </param>
          </params>
          <reporter-output>
          </reporter-output>
        </test-method> <!-- RunAllTestCases -->
      </class> <!-- demoqa1.Driver -->
    </test> <!-- EdgeTest -->
  </suite> <!-- Suite -->
</testng-results>
