<?xml version="1.0" encoding="UTF-8"?>
<testng-results ignored="0" total="1" passed="1" failed="0" skipped="0">
  <reporter-output>
  </reporter-output>
  <suite started-at="2024-05-31T15:12:32 IST" name="Default suite" finished-at="2024-05-31T15:15:00 IST" duration-ms="148388">
    <groups>
    </groups>
    <test started-at="2024-05-31T15:12:32 IST" name="Default test" finished-at="2024-05-31T15:15:00 IST" duration-ms="148388">
      <class name="demoqa1.TC_001_AccountRegistrationTest">
        <test-method is-config="true" signature="SetUp(java.lang.String, java.lang.String)[pri:0, instance:demoqa1.TC_001_AccountRegistrationTest@4690b489]" started-at="2024-05-31T15:12:32 IST" name="SetUp" finished-at="2024-05-31T15:14:51 IST" duration-ms="139091" status="PASS">
          <params>
            <param index="0">
              <value is-null="true"/>
            </param>
            <param index="1">
              <value is-null="true"/>
            </param>
          </params>
          <reporter-output>
          </reporter-output>
        </test-method> <!-- SetUp -->
        <test-method signature="Verify_Account_Registration()[pri:0, instance:demoqa1.TC_001_AccountRegistrationTest@4690b489]" started-at="2024-05-31T15:14:51 IST" name="Verify_Account_Registration" finished-at="2024-05-31T15:15:00 IST" duration-ms="9025" status="PASS">
          <reporter-output>
          </reporter-output>
        </test-method> <!-- Verify_Account_Registration -->
        <test-method is-config="true" signature="TearDown()[pri:0, instance:demoqa1.TC_001_AccountRegistrationTest@4690b489]" started-at="2024-05-31T15:15:00 IST" name="TearDown" finished-at="2024-05-31T15:15:00 IST" duration-ms="209" status="PASS">
          <reporter-output>
          </reporter-output>
        </test-method> <!-- TearDown -->
      </class> <!-- demoqa1.TC_001_AccountRegistrationTest -->
    </test> <!-- Default test -->
  </suite> <!-- Default suite -->
</testng-results>
